<?xml version="1.0" encoding="UTF-8"?>
<testng-results ignored="0" total="1" passed="1" failed="0" skipped="0">
  <reporter-output>
  </reporter-output>
  <suite started-at="2024-03-29T05:55:57 MMT" name="Default suite" finished-at="2024-03-29T05:57:01 MMT" duration-ms="64016">
    <groups>
    </groups>
    <test started-at="2024-03-29T05:55:57 MMT" name="Default test" finished-at="2024-03-29T05:57:01 MMT" duration-ms="64016">
      <class name="property_for_sale.QA_Assignment.CheckPropertiesDetail_Information">
        <test-method is-config="true" signature="beforeClass()[pri:0, instance:property_for_sale.QA_Assignment.CheckPropertiesDetail_Information@169e6180]" started-at="2024-03-29T05:55:57 MMT" name="beforeClass" finished-at="2024-03-29T05:55:59 MMT" duration-ms="2344" status="PASS">
          <reporter-output>
          </reporter-output>
        </test-method> <!-- beforeClass -->
        <test-method is-config="true" signature="beforeMethod()[pri:0, instance:property_for_sale.QA_Assignment.CheckPropertiesDetail_Information@169e6180]" started-at="2024-03-29T05:55:59 MMT" name="beforeMethod" finished-at="2024-03-29T05:56:22 MMT" duration-ms="22658" status="PASS">
          <reporter-output>
          </reporter-output>
        </test-method> <!-- beforeMethod -->
        <test-method signature="searchProvinceName()[pri:0, instance:property_for_sale.QA_Assignment.CheckPropertiesDetail_Information@169e6180]" started-at="2024-03-29T05:56:22 MMT" name="searchProvinceName" finished-at="2024-03-29T05:57:01 MMT" duration-ms="38507" status="PASS">
          <reporter-output>
          </reporter-output>
        </test-method> <!-- searchProvinceName -->
        <test-method is-config="true" signature="afterMethod()[pri:0, instance:property_for_sale.QA_Assignment.CheckPropertiesDetail_Information@169e6180]" started-at="2024-03-29T05:57:01 MMT" name="afterMethod" finished-at="2024-03-29T05:57:01 MMT" duration-ms="0" status="PASS">
          <reporter-output>
          </reporter-output>
        </test-method> <!-- afterMethod -->
        <test-method is-config="true" signature="afterClass()[pri:0, instance:property_for_sale.QA_Assignment.CheckPropertiesDetail_Information@169e6180]" started-at="2024-03-29T05:57:01 MMT" name="afterClass" finished-at="2024-03-29T05:57:01 MMT" duration-ms="430" status="PASS">
          <reporter-output>
          </reporter-output>
        </test-method> <!-- afterClass -->
      </class> <!-- property_for_sale.QA_Assignment.CheckPropertiesDetail_Information -->
    </test> <!-- Default test -->
  </suite> <!-- Default suite -->
</testng-results>
